[debug] [2021-06-12T10:02:04.016Z] ----------------------------------------------------------------------
[debug] [2021-06-12T10:02:04.022Z] Command:       C:\Program Files\nodejs\node.exe C:\Users\USer\AppData\Roaming\npm\node_modules\firebase-tools\lib\bin\firebase.js init hosting
[debug] [2021-06-12T10:02:04.023Z] CLI Version:   9.12.1
[debug] [2021-06-12T10:02:04.024Z] Platform:      win32
[debug] [2021-06-12T10:02:04.024Z] Node Version:  v14.17.0
[debug] [2021-06-12T10:02:04.025Z] Time:          Sat Jun 12 2021 15:32:04 GMT+0530 (India Standard Time)
[debug] [2021-06-12T10:02:04.025Z] ----------------------------------------------------------------------
[debug] 
[debug] [2021-06-12T10:02:04.123Z] > command requires scopes: ["email","openid","https://www.googleapis.com/auth/cloudplatformprojects.readonly","https://www.googleapis.com/auth/firebase","https://www.googleapis.com/auth/cloud-platform"]
[debug] [2021-06-12T10:02:04.124Z] > authorizing via signed-in user (nsathya1990@gmail.com)
[info] 
     ######## #### ########  ######## ########     ###     ######  ########
     ##        ##  ##     ## ##       ##     ##  ##   ##  ##       ##
     ######    ##  ########  ######   ########  #########  ######  ######
     ##        ##  ##    ##  ##       ##     ## ##     ##       ## ##
     ##       #### ##     ## ######## ########  ##     ##  ######  ########

You're about to initialize a Firebase project in this directory:

  C:\Users\USer\Documents\Angular Projects\ng-video-game-db

[info] 
=== Project Setup
[info] 
[info] First, let's associate this project directory with a Firebase project.
[info] You can create multiple project aliases by running firebase use --add, 
[info] but for now we'll just set up a default project.
[info] 
